<?xml version="1.0" encoding="UTF-8"?>
<!-- Generated by org.testng.reporters.JUnitReportReporter -->
<testsuite hostname="LAPTOP-SDU1A86Q" failures="0" tests="1" name="tests.CorrectTotalPrice" time="5.047" errors="0" timestamp="2025-09-20T17:14:22 IST" skipped="0">
  <testcase classname="tests.CorrectTotalPrice" name="TestCorrectTotalPrice" time="5.047"/>
</testsuite> <!-- tests.CorrectTotalPrice -->
